<?xml version="1.0" encoding="UTF-8"?>
<!-- Generated by org.testng.reporters.JUnitReportReporter -->
<testsuite skipped="0" hostname="Mejin56-PC" name="com.ecom.qa.testcases.OverviewPageTest" tests="1" failures="0" timestamp="06 Dec 2021 12:04:23 GMT" time="6.576" errors="0">
  <testcase name="OverviewPagetitleTest" time="6.576" classname="com.ecom.qa.testcases.OverviewPageTest"/>
</testsuite> <!-- com.ecom.qa.testcases.OverviewPageTest -->
