<?xml version="1.0" encoding="UTF-8"?>
<!-- Generated by org.testng.reporters.JUnitReportReporter -->
<testsuite skipped="0" hostname="Mejin56-PC" name="com.ecom.qa.testcases.LoginPageTest" tests="1" failures="0" timestamp="06 Dec 2021 12:19:35 GMT" time="7.186" errors="0">
  <testcase name="loginTitleTest" time="7.186" classname="com.ecom.qa.testcases.LoginPageTest"/>
</testsuite> <!-- com.ecom.qa.testcases.LoginPageTest -->
