<?xml version="1.0" encoding="UTF-8"?>
<!-- Generated by org.testng.reporters.JUnitReportReporter -->
<testsuite skipped="0" hostname="Mejin56-PC" name="com.ecom.qa.testcases.CheckoutPageTest" tests="1" failures="0" timestamp="06 Dec 2021 12:04:23 GMT" time="5.532" errors="0">
  <testcase name="checkoutPageTitleTest" time="5.532" classname="com.ecom.qa.testcases.CheckoutPageTest"/>
</testsuite> <!-- com.ecom.qa.testcases.CheckoutPageTest -->
