<?xml version="1.0" encoding="UTF-8"?>
<!-- Generated by org.testng.reporters.JUnitReportReporter -->
<testsuite skipped="0" hostname="Mejin56-PC" name="com.ecom.qa.testcases.ThankyouPageTest" tests="3" failures="0" timestamp="06 Dec 2021 12:31:31 GMT" time="20.813" errors="0">
  <testcase name="validateThankyouPageTitle" time="6.594" classname="com.ecom.qa.testcases.ThankyouPageTest"/>
  <testcase name="BacktohomeButtonValidation" time="6.299" classname="com.ecom.qa.testcases.ThankyouPageTest"/>
  <testcase name="Thankyoupagetext" time="7.920" classname="com.ecom.qa.testcases.ThankyouPageTest"/>
</testsuite> <!-- com.ecom.qa.testcases.ThankyouPageTest -->
